Using pre-set license
Desktop is 3840 x 1080 @ 60 Hz

 COMMAND LINE ARGUMENTS:
Unity
-adb2
-batchMode
-noUpm
-name
AssetImportWorker0
-projectPath
/home/dogus/Desktop/unity/PlatformGame
-logFile
Logs/AssetImportWorker0.log
-srvPort
37389
Successfully changed project path to: /home/dogus/Desktop/unity/PlatformGame
/home/dogus/Desktop/unity/PlatformGame
Using Asset Import Pipeline V2.
Refreshing native plugins compatible for Editor in 53,45 ms, found 1 plugins.
Preloading 0 native plugins for Editor in 0,00 ms.
Initialize engine version: 2020.2.6f1 (8a2143876886)
[Subsystems] Discovering subsystems at path /home/dogus/Unity/Hub/Editor/2020.2.6f1/Editor/Data/Resources/UnitySubsystems
[Subsystems] Discovering subsystems at path /home/dogus/Desktop/unity/PlatformGame/Assets
GLX Extensions: GLX_ARB_create_context GLX_ARB_create_context_no_error GLX_ARB_create_context_profile GLX_ARB_create_context_robustness GLX_ARB_fbconfig_float GLX_ARB_framebuffer_sRGB GLX_ARB_get_proc_address GLX_ARB_multisample GLX_EXT_buffer_age GLX_EXT_create_context_es2_profile GLX_EXT_create_context_es_profile GLX_EXT_fbconfig_packed_float GLX_EXT_framebuffer_sRGB GLX_EXT_import_context GLX_EXT_texture_from_pixmap GLX_EXT_visual_info GLX_EXT_visual_rating GLX_INTEL_swap_event GLX_MESA_copy_sub_buffer GLX_MESA_query_renderer GLX_MESA_swap_control GLX_OML_swap_method GLX_OML_sync_control GLX_SGIS_multisample GLX_SGIX_fbconfig GLX_SGIX_pbuffer GLX_SGIX_visual_select_group GLX_SGI_make_current_read GLX_SGI_swap_control GLX_SGI_video_sync 
Renderer: Mesa Intel(R) HD Graphics 520 (SKL GT2)
Vendor:   Intel
Version:  4.6 (Core Profile) Mesa 20.2.6
GLES:     0
 GL_3DFX_texture_compression_FXT1 GL_AMD_conservative_depth GL_AMD_depth_clamp_separate GL_AMD_draw_buffers_blend GL_AMD_gpu_shader_int64 GL_AMD_multi_draw_indirect GL_AMD_performance_monitor GL_AMD_pinned_memory GL_AMD_query_buffer_object GL_AMD_seamless_cubemap_per_texture GL_AMD_shader_stencil_export GL_AMD_shader_trinary_minmax GL_AMD_texture_texture4 GL_AMD_vertex_shader_layer GL_AMD_vertex_shader_viewport_index GL_ANGLE_texture_compression_dxt3 GL_ANGLE_texture_compression_dxt5 GL_ARB_ES2_compatibility GL_ARB_ES3_1_compatibility GL_ARB_ES3_2_compatibility GL_ARB_ES3_compatibility GL_ARB_arrays_of_arrays GL_ARB_base_instance GL_ARB_blend_func_extended GL_ARB_buffer_storage GL_ARB_clear_buffer_object GL_ARB_clear_texture GL_ARB_clip_control GL_ARB_compressed_texture_pixel_storage GL_ARB_compute_shader GL_ARB_compute_variable_group_size GL_ARB_conditional_render_inverted GL_ARB_conservative_depth GL_ARB_copy_buffer GL_ARB_copy_image GL_ARB_cull_distance GL_ARB_debug_output GL_ARB_depth_buffer_float GL_ARB
_depth_clamp GL_ARB_derivative_control GL_ARB_direct_state_access GL_ARB_draw_buffers GL_ARB_draw_buffers_blend GL_ARB_draw_elements_base_vertex GL_ARB_draw_indirect GL_ARB_draw_instanced GL_ARB_enhanced_layouts GL_ARB_explicit_attrib_location GL_ARB_explicit_uniform_location GL_ARB_fragment_coord_conventions GL_ARB_fragment_layer_viewport GL_ARB_fragment_shader GL_ARB_fragment_shader_interlock GL_ARB_framebuffer_no_attachments GL_ARB_framebuffer_object GL_ARB_framebuffer_sRGB GL_ARB_get_program_binary GL_ARB_get_texture_sub_image GL_ARB_gl_spirv GL_ARB_gpu_shader5 GL_ARB_gpu_shader_fp64 GL_ARB_gpu_shader_int64 GL_ARB_half_float_pixel GL_ARB_half_float_vertex GL_ARB_indirect_parameters GL_ARB_instanced_arrays GL_ARB_internalformat_query GL_ARB_internalformat_query2 GL_ARB_invalidate_subdata GL_ARB_map_buffer_alignment GL_ARB_map_buffer_range GL_ARB_multi_bind GL_ARB_multi_draw_indirect GL_ARB_occlusion_query2 GL_ARB_parallel_shader_compile GL_ARB_pipeline_statistics_query GL_ARB_pixel_buffer_object GL_ARB_po
int_sprite GL_ARB_polygon_offset_clamp GL_ARB_post_depth_coverage GL_ARB_program_interface_query GL_ARB_provoking_vertex GL_ARB_query_buffer_object GL_ARB_robust_buffer_access_behavior GL_ARB_robustness GL_ARB_sample_shading GL_ARB_sampler_objects GL_ARB_seamless_cube_map GL_ARB_seamless_cubemap_per_texture GL_ARB_separate_shader_objects GL_ARB_shader_atomic_counter_ops GL_ARB_shader_atomic_counters GL_ARB_shader_ballot GL_ARB_shader_bit_encoding GL_ARB_shader_clock GL_ARB_shader_draw_parameters GL_ARB_shader_group_vote GL_ARB_shader_image_load_store GL_ARB_shader_image_size GL_ARB_shader_objects GL_ARB_shader_precision GL_ARB_shader_stencil_export GL_ARB_shader_storage_buffer_object GL_ARB_shader_subroutine GL_ARB_shader_texture_image_samples GL_ARB_shader_texture_lod GL_ARB_shader_viewport_layer_array GL_ARB_shading_language_420pack GL_ARB_shading_language_include GL_ARB_shading_language_packing GL_ARB_spirv_extensions GL_ARB_stencil_texturing GL_ARB_sync GL_ARB_tessellation_shader GL_ARB_texture_barrier G
L_ARB_texture_buffer_object GL_ARB_texture_buffer_object_rgb32 GL_ARB_texture_buffer_range GL_ARB_texture_compression_bptc GL_ARB_texture_compression_rgtc GL_ARB_texture_cube_map_array GL_ARB_texture_filter_anisotropic GL_ARB_texture_float GL_ARB_texture_gather GL_ARB_texture_mirror_clamp_to_edge GL_ARB_texture_multisample GL_ARB_texture_non_power_of_two GL_ARB_texture_query_levels GL_ARB_texture_query_lod GL_ARB_texture_rectangle GL_ARB_texture_rg GL_ARB_texture_rgb10_a2ui GL_ARB_texture_stencil8 GL_ARB_texture_storage GL_ARB_texture_storage_multisample GL_ARB_texture_swizzle GL_ARB_texture_view GL_ARB_timer_query GL_ARB_transform_feedback2 GL_ARB_transform_feedback3 GL_ARB_transform_feedback_instanced GL_ARB_transform_feedback_overflow_query GL_ARB_uniform_buffer_object GL_ARB_vertex_array_bgra GL_ARB_vertex_array_object GL_ARB_vertex_attrib_64bit GL_ARB_vertex_attrib_binding GL_ARB_vertex_buffer_object GL_ARB_vertex_shader GL_ARB_vertex_type_10f_11f_11f_rev GL_ARB_vertex_type_2_10_10_10_rev GL_ARB_viewpor
t_array GL_ATI_blend_equation_separate GL_ATI_texture_float GL_EXT_EGL_image_storage GL_EXT_EGL_sync GL_EXT_abgr GL_EXT_blend_equation_separate GL_EXT_demote_to_helper_invocation GL_EXT_draw_buffers2 GL_EXT_draw_instanced GL_EXT_framebuffer_blit GL_EXT_framebuffer_multisample GL_EXT_framebuffer_multisample_blit_scaled GL_EXT_framebuffer_object GL_EXT_framebuffer_sRGB GL_EXT_packed_depth_stencil GL_EXT_packed_float GL_EXT_pixel_buffer_object GL_EXT_polygon_offset_clamp GL_EXT_provoking_vertex GL_EXT_shader_framebuffer_fetch GL_EXT_shader_framebuffer_fetch_non_coherent GL_EXT_shader_integer_mix GL_EXT_shader_samples_identical GL_EXT_texture_array GL_EXT_texture_compression_dxt1 GL_EXT_texture_compression_rgtc GL_EXT_texture_compression_s3tc GL_EXT_texture_filter_anisotropic GL_EXT_texture_integer GL_EXT_texture_sRGB GL_EXT_texture_sRGB_R8 GL_EXT_texture_sRGB_decode GL_EXT_texture_shadow_lod GL_EXT_texture_shared_exponent GL_EXT_texture_snorm GL_EXT_texture_swizzle GL_EXT_timer_query GL_EXT_transform_feedback G
L_EXT_vertex_array_bgra GL_EXT_vertex_attrib_64bit GL_IBM_multimode_draw_arrays GL_INTEL_blackhole_render GL_INTEL_conservative_rasterization GL_INTEL_performance_query GL_INTEL_shader_atomic_float_minmax GL_INTEL_shader_integer_functions2 GL_KHR_blend_equation_advanced GL_KHR_blend_equation_advanced_coherent GL_KHR_context_flush_control GL_KHR_debug GL_KHR_no_error GL_KHR_parallel_shader_compile GL_KHR_robust_buffer_access_behavior GL_KHR_robustness GL_KHR_texture_compression_astc_ldr GL_KHR_texture_compression_astc_sliced_3d GL_MESA_framebuffer_flip_y GL_MESA_pack_invert GL_MESA_shader_integer_functions GL_MESA_texture_signed_rgba GL_NV_compute_shader_derivatives GL_NV_conditional_render GL_NV_copy_image GL_NV_depth_clamp GL_NV_fragment_shader_interlock GL_NV_packed_depth_stencil GL_NV_texture_barrier GL_OES_EGL_image GL_S3_s3tc
OPENGL LOG: Creating OpenGL 4.6 graphics device ; Context level  <OpenGL 4.5> ; Context handle 690017312
Initialize mono
Mono path[0] = '/home/dogus/Unity/Hub/Editor/2020.2.6f1/Editor/Data/Managed'
Mono path[1] = '/home/dogus/Unity/Hub/Editor/2020.2.6f1/Editor/Data/MonoBleedingEdge/lib/mono/unityjit'
Mono config path = '/home/dogus/Unity/Hub/Editor/2020.2.6f1/Editor/Data/MonoBleedingEdge/etc'
Using monoOptions --debugger-agent=transport=dt_socket,embedding=1,server=y,suspend=n,address=127.0.0.1:56609
Begin MonoManager ReloadAssembly
Registering precompiled unity dll's ...
Register platform support module: /home/dogus/Unity/Hub/Editor/2020.2.6f1/Editor/Data/PlaybackEngines/LinuxStandaloneSupport/UnityEditor.LinuxStandalone.Extensions.dll
Registered in 0,001600 seconds.
Native extension for LinuxStandalone target not found
Refreshing native plugins compatible for Editor in 51,11 ms, found 1 plugins.
Preloading 0 native plugins for Editor in 0,00 ms.
Invoked RoslynAnalysisRunner static constructor.
RoslynAnalysisRunner will not be running.
RoslynAnalysisRunner has terminated.
Mono: successfully reloaded assembly
- Completed reload, in  1,774 seconds
Platform modules already initialized, skipping
Registering precompiled user dll's ...
Registered in 0,000910 seconds.
Begin MonoManager ReloadAssembly
Native extension for LinuxStandalone target not found
Refreshing native plugins compatible for Editor in 53,69 ms, found 1 plugins.
Preloading 0 native plugins for Editor in 0,00 ms.
Invoked RoslynAnalysisRunner static constructor.
RoslynAnalysisRunner will not be running.
RoslynAnalysisRunner has terminated.
Mono: successfully reloaded assembly
- Completed reload, in  1,023 seconds
Platform modules already initialized, skipping
========================================================================
Worker process is ready to serve import requests
Launched and connected shader compiler UnityShaderCompiler after 0.01 seconds
Refreshing native plugins compatible for Editor in 0,57 ms, found 1 plugins.
Preloading 0 native plugins for Editor in 0,00 ms.
Unloading 1802 Unused Serialized files (Serialized files now loaded: 0)
System memory in use before: 78,8 MB.
System memory in use after: 78,9 MB.

Unloading 19 unused Assets to reduce memory usage. Loaded Objects now: 2250.
Total: 3,553164 ms (FindLiveObjects: 0,216933 ms CreateObjectMapping: 0,072116 ms MarkObjects: 3,040366 ms  DeleteObjects: 0,221550 ms)

========================================================================
Received Import Request.
  path: Assets/Script/EnemyManager.cs
  artifactKey: Guid(d5bdc4ca63c4343d288619991d94b741) Importer(815301076,1909f56bfc062723c751e8b465ee728b)
Start importing Assets/Script/EnemyManager.cs using Guid(d5bdc4ca63c4343d288619991d94b741) Importer(815301076,1909f56bfc062723c751e8b465ee728b)  -> (artifact id: 'aa27c02c3f76aa32fbbdc69c8e6be011') in 0,082121 seconds
  Import took 0,089715 seconds .

========================================================================
Received Import Request.
  Time since last request: 15,456179 seconds.
  path: Assets/Script/PlayerController.cs
  artifactKey: Guid(eccd06d23eae59807a0bacb2fad03ae0) Importer(815301076,1909f56bfc062723c751e8b465ee728b)
Start importing Assets/Script/PlayerController.cs using Guid(eccd06d23eae59807a0bacb2fad03ae0) Importer(815301076,1909f56bfc062723c751e8b465ee728b)  -> (artifact id: '21c06438bb2ce4262e95b32029179c29') in 0,000819 seconds
  Import took 0,004255 seconds .

========================================================================
Received Import Request.
  Time since last request: 0,001086 seconds.
  path: Assets/Script/PlayerController.cs
  artifactKey: Guid(eccd06d23eae59807a0bacb2fad03ae0) Importer(815301076,1909f56bfc062723c751e8b465ee728b)
Start importing Assets/Script/PlayerController.cs using Guid(eccd06d23eae59807a0bacb2fad03ae0) Importer(815301076,1909f56bfc062723c751e8b465ee728b)  -> (artifact id: '21c06438bb2ce4262e95b32029179c29') in 0,000714 seconds
  Import took 0,004532 seconds .

========================================================================
Received Prepare
Refreshing native plugins compatible for Editor in 2,20 ms, found 1 plugins.
Preloading 0 native plugins for Editor in 0,00 ms.
Unloading 6 Unused Serialized files (Serialized files now loaded: 0)
System memory in use before: 42,8 MB.
System memory in use after: 42,9 MB.

Unloading 5 unused Assets to reduce memory usage. Loaded Objects now: 2250.
Total: 3,077321 ms (FindLiveObjects: 0,230424 ms CreateObjectMapping: 0,080513 ms MarkObjects: 2,727593 ms  DeleteObjects: 0,036708 ms)

========================================================================
Received Import Request.
  Time since last request: 602,583040 seconds.
  path: Assets/Scenes
  artifactKey: Guid(fe5903e69c631608d9148e0d071925fa) Importer(815301076,1909f56bfc062723c751e8b465ee728b)
Start importing Assets/Scenes using Guid(fe5903e69c631608d9148e0d071925fa) Importer(815301076,1909f56bfc062723c751e8b465ee728b)  -> (artifact id: '95e135663a0528584d518e19b154cb30') in 0,000821 seconds
  Import took 0,004922 seconds .

========================================================================
Received Import Request.
  Time since last request: 33,915047 seconds.
  path: Assets/Scenes/SampleScene.unity
  artifactKey: Guid(2cda990e2423bbf4892e6590ba056729) Importer(815301076,1909f56bfc062723c751e8b465ee728b)
Start importing Assets/Scenes/SampleScene.unity using Guid(2cda990e2423bbf4892e6590ba056729) Importer(815301076,1909f56bfc062723c751e8b465ee728b)  -> (artifact id: '984b4f91c18dc5f27002550f635a7d29') in 0,012614 seconds
  Import took 0,017061 seconds .

========================================================================
Received Import Request.
  Time since last request: 30,074053 seconds.
  path: Assets/Scenes/Menu.unity
  artifactKey: Guid(e1df1a2b19277b1ad860671922afe9ea) Importer(815301076,1909f56bfc062723c751e8b465ee728b)
Start importing Assets/Scenes/Menu.unity using Guid(e1df1a2b19277b1ad860671922afe9ea) Importer(815301076,1909f56bfc062723c751e8b465ee728b)  -> (artifact id: '85d5c22e1d00aec9ac4602bbbd426f48') in 0,001755 seconds
  Import took 0,005578 seconds .

========================================================================
Received Import Request.
  Time since last request: 29,522146 seconds.
  path: Assets/Scenes/InGameScene.unity
  artifactKey: Guid(2cda990e2423bbf4892e6590ba056729) Importer(815301076,1909f56bfc062723c751e8b465ee728b)
Start importing Assets/Scenes/InGameScene.unity using Guid(2cda990e2423bbf4892e6590ba056729) Importer(815301076,1909f56bfc062723c751e8b465ee728b)  -> (artifact id: 'f260b85925f8284a5779a8805ad11c56') in 0,001401 seconds
  Import took 0,006595 seconds .

========================================================================
Received Import Request.
  Time since last request: 125,589691 seconds.
  path: Assets/BayatGames/Free Platform Game Assets/GUI ( Update 1.7 )/png/Iconic2048x2048.png
  artifactKey: Guid(2676ff5c94fc9f1489d59bf570d079e3) Importer(815301076,1909f56bfc062723c751e8b465ee728b)
Start importing Assets/BayatGames/Free Platform Game Assets/GUI ( Update 1.7 )/png/Iconic2048x2048.png using Guid(2676ff5c94fc9f1489d59bf570d079e3) Importer(815301076,1909f56bfc062723c751e8b465ee728b)  -> (artifact id: 'bd08f437c7d2274a04955c3c6c62f954') in 0,052811 seconds
  Import took 0,056460 seconds .

========================================================================
Received Import Request.
  Time since last request: 0,015312 seconds.
  path: Assets/BayatGames/Free Platform Game Assets/GUI ( Update 1.7 )/png/Iconic2048x2048.png
  artifactKey: Guid(2676ff5c94fc9f1489d59bf570d079e3) Importer(815301076,1909f56bfc062723c751e8b465ee728b)
Start importing Assets/BayatGames/Free Platform Game Assets/GUI ( Update 1.7 )/png/Iconic2048x2048.png using Guid(2676ff5c94fc9f1489d59bf570d079e3) Importer(815301076,1909f56bfc062723c751e8b465ee728b)  -> (artifact id: 'bd08f437c7d2274a04955c3c6c62f954') in 0,014021 seconds
  Import took 0,018708 seconds .

========================================================================
Received Import Request.
  Time since last request: 15,014673 seconds.
  path: Assets/BayatGames/Free Platform Game Assets/GUI ( Update 1.7 )/png/Iconic2048x2048.png
  artifactKey: Guid(2676ff5c94fc9f1489d59bf570d079e3) Importer(815301076,1909f56bfc062723c751e8b465ee728b)
Start importing Assets/BayatGames/Free Platform Game Assets/GUI ( Update 1.7 )/png/Iconic2048x2048.png using Guid(2676ff5c94fc9f1489d59bf570d079e3) Importer(815301076,1909f56bfc062723c751e8b465ee728b)  -> (artifact id: 'ffc1addcac25c85a0816aa3f66fe3b9e') in 0,519943 seconds
  Import took 0,524519 seconds .

========================================================================
Received Import Request.
  Time since last request: 107,472666 seconds.
  path: Assets/Script/MenuManager.cs
  artifactKey: Guid(8ae74f647550cbaf1aab2853ac6febf4) Importer(815301076,1909f56bfc062723c751e8b465ee728b)
Start importing Assets/Script/MenuManager.cs using Guid(8ae74f647550cbaf1aab2853ac6febf4) Importer(815301076,1909f56bfc062723c751e8b465ee728b)  -> (artifact id: '01a2180e7d2699ee96ea7970a5c89b79') in 0,002848 seconds
  Import took 0,008150 seconds .

========================================================================
Received Import Request.
  Time since last request: 0,004268 seconds.
  path: Assets/Script/MenuManager.cs
  artifactKey: Guid(8ae74f647550cbaf1aab2853ac6febf4) Importer(815301076,1909f56bfc062723c751e8b465ee728b)
Start importing Assets/Script/MenuManager.cs using Guid(8ae74f647550cbaf1aab2853ac6febf4) Importer(815301076,1909f56bfc062723c751e8b465ee728b)  -> (artifact id: '01a2180e7d2699ee96ea7970a5c89b79') in 0,001804 seconds
  Import took 0,007631 seconds .

========================================================================
Received Prepare
Registering precompiled user dll's ...
Registered in 0,001017 seconds.
Begin MonoManager ReloadAssembly
Native extension for LinuxStandalone target not found
Refreshing native plugins compatible for Editor in 0,54 ms, found 1 plugins.
Preloading 0 native plugins for Editor in 0,00 ms.
Invoked RoslynAnalysisRunner static constructor.
RoslynAnalysisRunner will not be running.
RoslynAnalysisRunner has terminated.
Mono: successfully reloaded assembly
- Completed reload, in  1,068 seconds
Platform modules already initialized, skipping
Refreshing native plugins compatible for Editor in 0,52 ms, found 1 plugins.
Preloading 0 native plugins for Editor in 0,00 ms.
Unloading 1794 Unused Serialized files (Serialized files now loaded: 0)
System memory in use before: 80,0 MB.
System memory in use after: 80,1 MB.

Unloading 8 unused Assets to reduce memory usage. Loaded Objects now: 2263.
Total: 3,660111 ms (FindLiveObjects: 0,261780 ms CreateObjectMapping: 0,100039 ms MarkObjects: 3,241952 ms  DeleteObjects: 0,039692 ms)

========================================================================
Received Prepare
Registering precompiled user dll's ...
Registered in 0,001507 seconds.
Begin MonoManager ReloadAssembly
Native extension for LinuxStandalone target not found
Refreshing native plugins compatible for Editor in 0,49 ms, found 1 plugins.
Preloading 0 native plugins for Editor in 0,00 ms.
Invoked RoslynAnalysisRunner static constructor.
RoslynAnalysisRunner will not be running.
RoslynAnalysisRunner has terminated.
Mono: successfully reloaded assembly
- Completed reload, in  1,098 seconds
Platform modules already initialized, skipping
Refreshing native plugins compatible for Editor in 0,56 ms, found 1 plugins.
Preloading 0 native plugins for Editor in 0,00 ms.
Unloading 1793 Unused Serialized files (Serialized files now loaded: 0)
System memory in use before: 80,0 MB.
System memory in use after: 80,1 MB.

Unloading 8 unused Assets to reduce memory usage. Loaded Objects now: 2265.
Total: 3,118920 ms (FindLiveObjects: 0,229469 ms CreateObjectMapping: 0,062079 ms MarkObjects: 2,769944 ms  DeleteObjects: 0,055581 ms)

========================================================================
Received Prepare
Registering precompiled user dll's ...
Registered in 0,000979 seconds.
Begin MonoManager ReloadAssembly
Native extension for LinuxStandalone target not found
Refreshing native plugins compatible for Editor in 0,51 ms, found 1 plugins.
Preloading 0 native plugins for Editor in 0,00 ms.
Invoked RoslynAnalysisRunner static constructor.
RoslynAnalysisRunner will not be running.
RoslynAnalysisRunner has terminated.
Mono: successfully reloaded assembly
- Completed reload, in  0,993 seconds
Platform modules already initialized, skipping
Refreshing native plugins compatible for Editor in 0,87 ms, found 1 plugins.
Preloading 0 native plugins for Editor in 0,00 ms.
Unloading 1794 Unused Serialized files (Serialized files now loaded: 0)
System memory in use before: 80,0 MB.
System memory in use after: 80,1 MB.

Unloading 8 unused Assets to reduce memory usage. Loaded Objects now: 2268.
Total: 3,432282 ms (FindLiveObjects: 0,217669 ms CreateObjectMapping: 0,101294 ms MarkObjects: 3,068896 ms  DeleteObjects: 0,042839 ms)

========================================================================
Received Import Request.
  Time since last request: 38,405212 seconds.
  path: Assets/Script/MenuManagerMenuScene.cs
  artifactKey: Guid(a0c46d75a324824b9b56dfdbbdb2debe) Importer(815301076,1909f56bfc062723c751e8b465ee728b)
Start importing Assets/Script/MenuManagerMenuScene.cs using Guid(a0c46d75a324824b9b56dfdbbdb2debe) Importer(815301076,1909f56bfc062723c751e8b465ee728b)  -> (artifact id: '3e67830214e301038facf28b50869b39') in 0,003555 seconds
  Import took 0,007111 seconds .

========================================================================
Received Prepare
Registering precompiled user dll's ...
Registered in 0,002986 seconds.
Begin MonoManager ReloadAssembly
Native extension for LinuxStandalone target not found
Refreshing native plugins compatible for Editor in 0,75 ms, found 1 plugins.
Preloading 0 native plugins for Editor in 0,00 ms.
Invoked RoslynAnalysisRunner static constructor.
RoslynAnalysisRunner will not be running.
RoslynAnalysisRunner has terminated.
Mono: successfully reloaded assembly
- Completed reload, in  1,143 seconds
Platform modules already initialized, skipping
Refreshing native plugins compatible for Editor in 0,54 ms, found 1 plugins.
Preloading 0 native plugins for Editor in 0,00 ms.
Unloading 1794 Unused Serialized files (Serialized files now loaded: 0)
System memory in use before: 80,0 MB.
System memory in use after: 80,1 MB.

Unloading 8 unused Assets to reduce memory usage. Loaded Objects now: 2270.
Total: 3,553672 ms (FindLiveObjects: 0,280336 ms CreateObjectMapping: 0,181485 ms MarkObjects: 3,025593 ms  DeleteObjects: 0,044699 ms)

========================================================================
Received Import Request.
  Time since last request: 214,032620 seconds.
  path: Assets/Script/MenuManagerMenuScene.cs
  artifactKey: Guid(a0c46d75a324824b9b56dfdbbdb2debe) Importer(815301076,1909f56bfc062723c751e8b465ee728b)
Start importing Assets/Script/MenuManagerMenuScene.cs using Guid(a0c46d75a324824b9b56dfdbbdb2debe) Importer(815301076,1909f56bfc062723c751e8b465ee728b)  -> (artifact id: 'd08a5d2a769a46607b1a119e59abe5b3') in 0,004022 seconds
  Import took 0,008388 seconds .

========================================================================
Received Prepare
Registering precompiled user dll's ...
Registered in 0,001069 seconds.
Begin MonoManager ReloadAssembly
Native extension for LinuxStandalone target not found
Refreshing native plugins compatible for Editor in 0,72 ms, found 1 plugins.
Preloading 0 native plugins for Editor in 0,00 ms.
Invoked RoslynAnalysisRunner static constructor.
RoslynAnalysisRunner will not be running.
RoslynAnalysisRunner has terminated.
Mono: successfully reloaded assembly
- Completed reload, in  1,103 seconds
Platform modules already initialized, skipping
Refreshing native plugins compatible for Editor in 0,50 ms, found 1 plugins.
Preloading 0 native plugins for Editor in 0,00 ms.
Unloading 1794 Unused Serialized files (Serialized files now loaded: 0)
System memory in use before: 80,0 MB.
System memory in use after: 80,1 MB.

Unloading 8 unused Assets to reduce memory usage. Loaded Objects now: 2272.
Total: 2,968703 ms (FindLiveObjects: 0,243147 ms CreateObjectMapping: 0,072663 ms MarkObjects: 2,596606 ms  DeleteObjects: 0,054503 ms)

========================================================================
Received Prepare
Registering precompiled user dll's ...
Registered in 0,001511 seconds.
Begin MonoManager ReloadAssembly
Native extension for LinuxStandalone target not found
Refreshing native plugins compatible for Editor in 0,52 ms, found 1 plugins.
Preloading 0 native plugins for Editor in 0,00 ms.
Invoked RoslynAnalysisRunner static constructor.
RoslynAnalysisRunner will not be running.
RoslynAnalysisRunner has terminated.
Mono: successfully reloaded assembly
- Completed reload, in  1,157 seconds
Platform modules already initialized, skipping
Refreshing native plugins compatible for Editor in 0,55 ms, found 1 plugins.
Preloading 0 native plugins for Editor in 0,00 ms.
Unloading 1794 Unused Serialized files (Serialized files now loaded: 0)
System memory in use before: 80,1 MB.
System memory in use after: 80,1 MB.

Unloading 8 unused Assets to reduce memory usage. Loaded Objects now: 2274.
Total: 3,604329 ms (FindLiveObjects: 0,283014 ms CreateObjectMapping: 0,098686 ms MarkObjects: 3,173066 ms  DeleteObjects: 0,047703 ms)

========================================================================
Received Prepare
Registering precompiled user dll's ...
Registered in 0,001141 seconds.
Begin MonoManager ReloadAssembly
Native extension for LinuxStandalone target not found
Refreshing native plugins compatible for Editor in 0,89 ms, found 1 plugins.
Preloading 0 native plugins for Editor in 0,00 ms.
Invoked RoslynAnalysisRunner static constructor.
RoslynAnalysisRunner will not be running.
RoslynAnalysisRunner has terminated.
Mono: successfully reloaded assembly
- Completed reload, in  1,050 seconds
Platform modules already initialized, skipping
Refreshing native plugins compatible for Editor in 0,50 ms, found 1 plugins.
Preloading 0 native plugins for Editor in 0,00 ms.
Unloading 1795 Unused Serialized files (Serialized files now loaded: 0)
System memory in use before: 80,1 MB.
System memory in use after: 80,2 MB.

Unloading 8 unused Assets to reduce memory usage. Loaded Objects now: 2277.
Total: 3,421325 ms (FindLiveObjects: 0,339453 ms CreateObjectMapping: 0,115640 ms MarkObjects: 2,911700 ms  DeleteObjects: 0,052754 ms)

========================================================================
Received Import Request.
  Time since last request: 221,589163 seconds.
  path: Assets/Script/MenuManagerInGame.cs
  artifactKey: Guid(a6a18d4277ed073d28855a69c36a6593) Importer(815301076,1909f56bfc062723c751e8b465ee728b)
Start importing Assets/Script/MenuManagerInGame.cs using Guid(a6a18d4277ed073d28855a69c36a6593) Importer(815301076,1909f56bfc062723c751e8b465ee728b)  -> (artifact id: 'cdf8d4485e9c86e3043ecce2c86aea58') in 0,004232 seconds
  Import took 0,008716 seconds .

========================================================================
Received Import Request.
  Time since last request: 535,559346 seconds.
  path: Assets/BayatGames/Free Platform Game Assets/GUI ( Update 1.7 )
  artifactKey: Guid(00fb8ddcecb19e2478f01757463055bd) Importer(815301076,1909f56bfc062723c751e8b465ee728b)
Start importing Assets/BayatGames/Free Platform Game Assets/GUI ( Update 1.7 ) using Guid(00fb8ddcecb19e2478f01757463055bd) Importer(815301076,1909f56bfc062723c751e8b465ee728b)  -> (artifact id: '3e26a2949b22f899cabd9d61d6951799') in 0,001558 seconds
  Import took 0,008546 seconds .

========================================================================
Received Import Request.
  Time since last request: 1,027191 seconds.
  path: Assets/BayatGames/Free Platform Game Assets/GUI ( Update 1.7 )/png
  artifactKey: Guid(8477585062ea4ab47bf3c29a89d61aaa) Importer(815301076,1909f56bfc062723c751e8b465ee728b)
Start importing Assets/BayatGames/Free Platform Game Assets/GUI ( Update 1.7 )/png using Guid(8477585062ea4ab47bf3c29a89d61aaa) Importer(815301076,1909f56bfc062723c751e8b465ee728b)  -> (artifact id: '4c1a57a352ffb74c2595698d4275e43c') in 0,001383 seconds
  Import took 0,007329 seconds .

========================================================================
Received Prepare
Registering precompiled user dll's ...
Registered in 0,001806 seconds.
Begin MonoManager ReloadAssembly
Native extension for LinuxStandalone target not found
Refreshing native plugins compatible for Editor in 0,50 ms, found 1 plugins.
Preloading 0 native plugins for Editor in 0,00 ms.
Invoked RoslynAnalysisRunner static constructor.
RoslynAnalysisRunner will not be running.
RoslynAnalysisRunner has terminated.
Mono: successfully reloaded assembly
- Completed reload, in  1,152 seconds
Platform modules already initialized, skipping
Refreshing native plugins compatible for Editor in 0,54 ms, found 1 plugins.
Preloading 0 native plugins for Editor in 0,00 ms.
Unloading 1795 Unused Serialized files (Serialized files now loaded: 0)
System memory in use before: 80,1 MB.
System memory in use after: 80,2 MB.

Unloading 8 unused Assets to reduce memory usage. Loaded Objects now: 2279.
Total: 3,173484 ms (FindLiveObjects: 0,289835 ms CreateObjectMapping: 0,088674 ms MarkObjects: 2,738106 ms  DeleteObjects: 0,054144 ms)

========================================================================
Received Prepare
Registering precompiled user dll's ...
Registered in 0,002117 seconds.
Begin MonoManager ReloadAssembly
Native extension for LinuxStandalone target not found
Refreshing native plugins compatible for Editor in 0,61 ms, found 1 plugins.
Preloading 0 native plugins for Editor in 0,00 ms.
Invoked RoslynAnalysisRunner static constructor.
RoslynAnalysisRunner will not be running.
RoslynAnalysisRunner has terminated.
Mono: successfully reloaded assembly
- Completed reload, in  1,319 seconds
Platform modules already initialized, skipping
Refreshing native plugins compatible for Editor in 0,59 ms, found 1 plugins.
Preloading 0 native plugins for Editor in 0,00 ms.
Unloading 1795 Unused Serialized files (Serialized files now loaded: 0)
System memory in use before: 80,1 MB.
System memory in use after: 80,2 MB.

Unloading 8 unused Assets to reduce memory usage. Loaded Objects now: 2281.
Total: 5,138616 ms (FindLiveObjects: 0,586081 ms CreateObjectMapping: 0,219945 ms MarkObjects: 4,245500 ms  DeleteObjects: 0,084175 ms)

========================================================================
Received Prepare
Registering precompiled user dll's ...
Registered in 0,001292 seconds.
Begin MonoManager ReloadAssembly
Native extension for LinuxStandalone target not found
Refreshing native plugins compatible for Editor in 0,54 ms, found 1 plugins.
Preloading 0 native plugins for Editor in 0,00 ms.
Invoked RoslynAnalysisRunner static constructor.
RoslynAnalysisRunner will not be running.
RoslynAnalysisRunner has terminated.
Mono: successfully reloaded assembly
- Completed reload, in  1,331 seconds
Platform modules already initialized, skipping
Refreshing native plugins compatible for Editor in 0,56 ms, found 1 plugins.
Preloading 0 native plugins for Editor in 0,00 ms.
Unloading 1795 Unused Serialized files (Serialized files now loaded: 0)
System memory in use before: 80,1 MB.
System memory in use after: 80,2 MB.

Unloading 8 unused Assets to reduce memory usage. Loaded Objects now: 2283.
Total: 6,449833 ms (FindLiveObjects: 0,287655 ms CreateObjectMapping: 0,090478 ms MarkObjects: 6,002447 ms  DeleteObjects: 0,066741 ms)

========================================================================
Received Prepare
Registering precompiled user dll's ...
Registered in 0,001572 seconds.
Begin MonoManager ReloadAssembly
Native extension for LinuxStandalone target not found
Refreshing native plugins compatible for Editor in 0,52 ms, found 1 plugins.
Preloading 0 native plugins for Editor in 0,00 ms.
Invoked RoslynAnalysisRunner static constructor.
RoslynAnalysisRunner will not be running.
RoslynAnalysisRunner has terminated.
Mono: successfully reloaded assembly
- Completed reload, in  1,207 seconds
Platform modules already initialized, skipping
Refreshing native plugins compatible for Editor in 0,94 ms, found 1 plugins.
Preloading 0 native plugins for Editor in 0,00 ms.
Unloading 1795 Unused Serialized files (Serialized files now loaded: 0)
System memory in use before: 80,1 MB.
System memory in use after: 80,2 MB.

Unloading 8 unused Assets to reduce memory usage. Loaded Objects now: 2285.
Total: 3,536796 ms (FindLiveObjects: 0,354310 ms CreateObjectMapping: 0,131647 ms MarkObjects: 3,001922 ms  DeleteObjects: 0,047352 ms)

========================================================================
Received Import Request.
  Time since last request: 1165,216605 seconds.
  path: Assets/Script/MenuManagerInGame.cs
  artifactKey: Guid(a6a18d4277ed073d28855a69c36a6593) Importer(815301076,1909f56bfc062723c751e8b465ee728b)
Start importing Assets/Script/MenuManagerInGame.cs using Guid(a6a18d4277ed073d28855a69c36a6593) Importer(815301076,1909f56bfc062723c751e8b465ee728b)  -> (artifact id: '65be4be505e0c14e7e1a6ade5f65ab30') in 0,004130 seconds
  Import took 0,008683 seconds .

========================================================================
Received Prepare
Registering precompiled user dll's ...
Registered in 0,001313 seconds.
Begin MonoManager ReloadAssembly
Native extension for LinuxStandalone target not found
Refreshing native plugins compatible for Editor in 0,56 ms, found 1 plugins.
Preloading 0 native plugins for Editor in 0,00 ms.
Invoked RoslynAnalysisRunner static constructor.
RoslynAnalysisRunner will not be running.
RoslynAnalysisRunner has terminated.
Mono: successfully reloaded assembly
- Completed reload, in  1,107 seconds
Platform modules already initialized, skipping
Refreshing native plugins compatible for Editor in 0,57 ms, found 1 plugins.
Preloading 0 native plugins for Editor in 0,00 ms.
Unloading 1795 Unused Serialized files (Serialized files now loaded: 0)
System memory in use before: 80,1 MB.
System memory in use after: 80,2 MB.

Unloading 8 unused Assets to reduce memory usage. Loaded Objects now: 2287.
Total: 3,471723 ms (FindLiveObjects: 0,286759 ms CreateObjectMapping: 0,085429 ms MarkObjects: 3,052233 ms  DeleteObjects: 0,045766 ms)

========================================================================
Received Import Request.
  Time since last request: 69,915569 seconds.
  path: Assets/Script/MenuManagerInGame.cs
  artifactKey: Guid(a6a18d4277ed073d28855a69c36a6593) Importer(815301076,1909f56bfc062723c751e8b465ee728b)
Start importing Assets/Script/MenuManagerInGame.cs using Guid(a6a18d4277ed073d28855a69c36a6593) Importer(815301076,1909f56bfc062723c751e8b465ee728b)  -> (artifact id: 'd5401527c9ed0784ca192a4e85dda25e') in 0,004014 seconds
  Import took 0,007807 seconds .

========================================================================
Received Prepare
Registering precompiled user dll's ...
Registered in 0,001921 seconds.
Begin MonoManager ReloadAssembly
Native extension for LinuxStandalone target not found
Refreshing native plugins compatible for Editor in 0,69 ms, found 1 plugins.
Preloading 0 native plugins for Editor in 0,00 ms.
Invoked RoslynAnalysisRunner static constructor.
RoslynAnalysisRunner will not be running.
RoslynAnalysisRunner has terminated.
Mono: successfully reloaded assembly
- Completed reload, in  1,043 seconds
Platform modules already initialized, skipping
Refreshing native plugins compatible for Editor in 0,50 ms, found 1 plugins.
Preloading 0 native plugins for Editor in 0,00 ms.
Unloading 1795 Unused Serialized files (Serialized files now loaded: 0)
System memory in use before: 80,1 MB.
System memory in use after: 80,2 MB.

Unloading 8 unused Assets to reduce memory usage. Loaded Objects now: 2289.
Total: 3,329668 ms (FindLiveObjects: 0,315012 ms CreateObjectMapping: 0,103110 ms MarkObjects: 2,847886 ms  DeleteObjects: 0,047363 ms)

========================================================================
Received Prepare
Registering precompiled user dll's ...
Registered in 0,001392 seconds.
Begin MonoManager ReloadAssembly
Native extension for LinuxStandalone target not found
Refreshing native plugins compatible for Editor in 1,23 ms, found 1 plugins.
Preloading 0 native plugins for Editor in 0,00 ms.
Invoked RoslynAnalysisRunner static constructor.
RoslynAnalysisRunner will not be running.
RoslynAnalysisRunner has terminated.
Mono: successfully reloaded assembly
- Completed reload, in  2,248 seconds
Platform modules already initialized, skipping
Refreshing native plugins compatible for Editor in 2,05 ms, found 1 plugins.
Preloading 0 native plugins for Editor in 0,00 ms.
Unloading 1795 Unused Serialized files (Serialized files now loaded: 0)
System memory in use before: 80,1 MB.
System memory in use after: 80,2 MB.

Unloading 8 unused Assets to reduce memory usage. Loaded Objects now: 2291.
Total: 7,651182 ms (FindLiveObjects: 0,381550 ms CreateObjectMapping: 0,177417 ms MarkObjects: 6,899392 ms  DeleteObjects: 0,180036 ms)

========================================================================
Received Prepare
Registering precompiled user dll's ...
Registered in 0,001470 seconds.
Begin MonoManager ReloadAssembly
Native extension for LinuxStandalone target not found
Refreshing native plugins compatible for Editor in 0,85 ms, found 1 plugins.
Preloading 0 native plugins for Editor in 0,00 ms.
Invoked RoslynAnalysisRunner static constructor.
RoslynAnalysisRunner will not be running.
RoslynAnalysisRunner has terminated.
Mono: successfully reloaded assembly
- Completed reload, in  1,048 seconds
Platform modules already initialized, skipping
Refreshing native plugins compatible for Editor in 0,51 ms, found 1 plugins.
Preloading 0 native plugins for Editor in 0,00 ms.
Unloading 1796 Unused Serialized files (Serialized files now loaded: 0)
System memory in use before: 80,2 MB.
System memory in use after: 80,3 MB.

Unloading 8 unused Assets to reduce memory usage. Loaded Objects now: 2294.
Total: 3,208553 ms (FindLiveObjects: 0,235694 ms CreateObjectMapping: 0,106374 ms MarkObjects: 2,811752 ms  DeleteObjects: 0,052670 ms)

========================================================================
Received Import Request.
  Time since last request: 227,809542 seconds.
  path: Assets/Script/DataManager.cs
  artifactKey: Guid(e202e6a512aec2a759b193326b7f7a95) Importer(815301076,1909f56bfc062723c751e8b465ee728b)
Start importing Assets/Script/DataManager.cs using Guid(e202e6a512aec2a759b193326b7f7a95) Importer(815301076,1909f56bfc062723c751e8b465ee728b)  -> (artifact id: 'ded42790943295108ea0f7b3fe38eb76') in 0,003595 seconds
  Import took 0,007241 seconds .

========================================================================
Received Import Request.
  Time since last request: 1,502621 seconds.
  path: Assets/Script/CameraManager.cs
  artifactKey: Guid(3f903e4084b1da14a96118bb360fe391) Importer(815301076,1909f56bfc062723c751e8b465ee728b)
Start importing Assets/Script/CameraManager.cs using Guid(3f903e4084b1da14a96118bb360fe391) Importer(815301076,1909f56bfc062723c751e8b465ee728b)  -> (artifact id: '61417f2db3c7bdc4c050e7777618c10c') in 0,001257 seconds
  Import took 0,006505 seconds .

========================================================================
Received Import Request.
  Time since last request: 0,002102 seconds.
  path: Assets/Script/CameraManager.cs
  artifactKey: Guid(3f903e4084b1da14a96118bb360fe391) Importer(815301076,1909f56bfc062723c751e8b465ee728b)
Start importing Assets/Script/CameraManager.cs using Guid(3f903e4084b1da14a96118bb360fe391) Importer(815301076,1909f56bfc062723c751e8b465ee728b)  -> (artifact id: '61417f2db3c7bdc4c050e7777618c10c') in 0,001067 seconds
  Import took 0,006432 seconds .

========================================================================
Received Import Request.
  Time since last request: 0,715390 seconds.
  path: Assets/Script/BulletManager.cs
  artifactKey: Guid(7358146dfa6f43d4ab6a49e31859a116) Importer(815301076,1909f56bfc062723c751e8b465ee728b)
Start importing Assets/Script/BulletManager.cs using Guid(7358146dfa6f43d4ab6a49e31859a116) Importer(815301076,1909f56bfc062723c751e8b465ee728b)  -> (artifact id: '7d923532070b2cf62ce72c2f1273bc62') in 0,002280 seconds
  Import took 0,011279 seconds .

========================================================================
Received Import Request.
  Time since last request: 0,000500 seconds.
  path: Assets/Script/BulletManager.cs
  artifactKey: Guid(7358146dfa6f43d4ab6a49e31859a116) Importer(815301076,1909f56bfc062723c751e8b465ee728b)
Start importing Assets/Script/BulletManager.cs using Guid(7358146dfa6f43d4ab6a49e31859a116) Importer(815301076,1909f56bfc062723c751e8b465ee728b)  -> (artifact id: '7d923532070b2cf62ce72c2f1273bc62') in 0,001342 seconds
  Import took 0,007988 seconds .

========================================================================
Received Import Request.
  Time since last request: 28,426128 seconds.
  path: Assets/Scenes/InGameScene.unity
  artifactKey: Guid(2cda990e2423bbf4892e6590ba056729) Importer(815301076,1909f56bfc062723c751e8b465ee728b)
Start importing Assets/Scenes/InGameScene.unity using Guid(2cda990e2423bbf4892e6590ba056729) Importer(815301076,1909f56bfc062723c751e8b465ee728b)  -> (artifact id: '83dccf7d364b13f12f764f17f57bec17') in 0,015285 seconds
  Import took 0,020358 seconds .

========================================================================
Received Import Request.
  Time since last request: 1,296982 seconds.
  path: Assets/Scenes/Menu.unity
  artifactKey: Guid(e1df1a2b19277b1ad860671922afe9ea) Importer(815301076,1909f56bfc062723c751e8b465ee728b)
Start importing Assets/Scenes/Menu.unity using Guid(e1df1a2b19277b1ad860671922afe9ea) Importer(815301076,1909f56bfc062723c751e8b465ee728b)  -> (artifact id: '670e1a8957055289305e127fca16db8c') in 0,001494 seconds
  Import took 0,007475 seconds .

========================================================================
Received Import Request.
  Time since last request: 2592,088206 seconds.
  path: Assets/Script/MenuManagerInGame.cs
  artifactKey: Guid(a6a18d4277ed073d28855a69c36a6593) Importer(815301076,1909f56bfc062723c751e8b465ee728b)
Start importing Assets/Script/MenuManagerInGame.cs using Guid(a6a18d4277ed073d28855a69c36a6593) Importer(815301076,1909f56bfc062723c751e8b465ee728b)  -> (artifact id: 'd359f89a5061a58d83d9479e69580fb2') in 0,001439 seconds
  Import took 0,008057 seconds .

========================================================================
Received Import Request.
  Time since last request: 0,039107 seconds.
  path: Assets/Script/MenuManagerInGame.cs
  artifactKey: Guid(a6a18d4277ed073d28855a69c36a6593) Importer(815301076,1909f56bfc062723c751e8b465ee728b)
Start importing Assets/Script/MenuManagerInGame.cs using Guid(a6a18d4277ed073d28855a69c36a6593) Importer(815301076,1909f56bfc062723c751e8b465ee728b)  -> (artifact id: 'd359f89a5061a58d83d9479e69580fb2') in 0,001021 seconds
  Import took 0,005766 seconds .

========================================================================
Received Import Request.
  Time since last request: 487,829057 seconds.
  path: Assets/Scenes/Menu.unity
  artifactKey: Guid(e1df1a2b19277b1ad860671922afe9ea) Importer(815301076,1909f56bfc062723c751e8b465ee728b)
Start importing Assets/Scenes/Menu.unity using Guid(e1df1a2b19277b1ad860671922afe9ea) Importer(815301076,1909f56bfc062723c751e8b465ee728b)  -> (artifact id: '6fa227f501783ad9c441cb1fb840ff95') in 0,002444 seconds
  Import took 0,009667 seconds .

========================================================================
Received Prepare
Registering precompiled user dll's ...
Registered in 0,001254 seconds.
Begin MonoManager ReloadAssembly
Native extension for LinuxStandalone target not found
Refreshing native plugins compatible for Editor in 0,55 ms, found 1 plugins.
Preloading 0 native plugins for Editor in 0,00 ms.
Invoked RoslynAnalysisRunner static constructor.
RoslynAnalysisRunner will not be running.
RoslynAnalysisRunner has terminated.
Mono: successfully reloaded assembly
- Completed reload, in  1,152 seconds
Platform modules already initialized, skipping
Refreshing native plugins compatible for Editor in 0,51 ms, found 1 plugins.
Preloading 0 native plugins for Editor in 0,00 ms.
Unloading 1796 Unused Serialized files (Serialized files now loaded: 0)
System memory in use before: 80,2 MB.
System memory in use after: 80,3 MB.

Unloading 8 unused Assets to reduce memory usage. Loaded Objects now: 2296.
Total: 3,908353 ms (FindLiveObjects: 0,426699 ms CreateObjectMapping: 0,124047 ms MarkObjects: 3,303312 ms  DeleteObjects: 0,051418 ms)

========================================================================
Received Prepare
Registering precompiled user dll's ...
Registered in 0,001527 seconds.
Begin MonoManager ReloadAssembly
Native extension for LinuxStandalone target not found
Refreshing native plugins compatible for Editor in 0,68 ms, found 1 plugins.
Preloading 0 native plugins for Editor in 0,00 ms.
Invoked RoslynAnalysisRunner static constructor.
RoslynAnalysisRunner will not be running.
RoslynAnalysisRunner has terminated.
Mono: successfully reloaded assembly
- Completed reload, in  1,367 seconds
Platform modules already initialized, skipping
Refreshing native plugins compatible for Editor in 0,54 ms, found 1 plugins.
Preloading 0 native plugins for Editor in 0,00 ms.
Unloading 1796 Unused Serialized files (Serialized files now loaded: 0)
System memory in use before: 80,2 MB.
System memory in use after: 80,3 MB.

Unloading 8 unused Assets to reduce memory usage. Loaded Objects now: 2298.
Total: 3,791659 ms (FindLiveObjects: 0,342790 ms CreateObjectMapping: 0,126653 ms MarkObjects: 3,263881 ms  DeleteObjects: 0,056662 ms)

========================================================================
Received Import Request.
  Time since last request: 106,615888 seconds.
  path: Assets/Scenes/InGameScene.unity
  artifactKey: Guid(2cda990e2423bbf4892e6590ba056729) Importer(815301076,1909f56bfc062723c751e8b465ee728b)
Start importing Assets/Scenes/InGameScene.unity using Guid(2cda990e2423bbf4892e6590ba056729) Importer(815301076,1909f56bfc062723c751e8b465ee728b)  -> (artifact id: 'ce4491a104be289de381979e1a3a6605') in 0,016055 seconds
  Import took 0,022724 seconds .

========================================================================
Received Import Request.
  Time since last request: 0,010203 seconds.
  path: Assets/Scenes/InGameScene.unity
  artifactKey: Guid(2cda990e2423bbf4892e6590ba056729) Importer(815301076,1909f56bfc062723c751e8b465ee728b)
Start importing Assets/Scenes/InGameScene.unity using Guid(2cda990e2423bbf4892e6590ba056729) Importer(815301076,1909f56bfc062723c751e8b465ee728b)  -> (artifact id: 'ce4491a104be289de381979e1a3a6605') in 0,001588 seconds
  Import took 0,007049 seconds .

========================================================================
Received Prepare
Registering precompiled user dll's ...
Registered in 0,001548 seconds.
Begin MonoManager ReloadAssembly
Native extension for LinuxStandalone target not found
Refreshing native plugins compatible for Editor in 0,54 ms, found 1 plugins.
Preloading 0 native plugins for Editor in 0,00 ms.
Invoked RoslynAnalysisRunner static constructor.
RoslynAnalysisRunner will not be running.
RoslynAnalysisRunner has terminated.
Mono: successfully reloaded assembly
- Completed reload, in  1,039 seconds
Platform modules already initialized, skipping
Refreshing native plugins compatible for Editor in 0,56 ms, found 1 plugins.
Preloading 0 native plugins for Editor in 0,00 ms.
Unloading 1796 Unused Serialized files (Serialized files now loaded: 0)
System memory in use before: 80,2 MB.
System memory in use after: 80,3 MB.

Unloading 8 unused Assets to reduce memory usage. Loaded Objects now: 2300.
Total: 4,384358 ms (FindLiveObjects: 0,368739 ms CreateObjectMapping: 0,130496 ms MarkObjects: 3,811289 ms  DeleteObjects: 0,071418 ms)

========================================================================
Received Prepare
Registering precompiled user dll's ...
Registered in 0,001110 seconds.
Begin MonoManager ReloadAssembly
Native extension for LinuxStandalone target not found
Refreshing native plugins compatible for Editor in 0,70 ms, found 1 plugins.
Preloading 0 native plugins for Editor in 0,00 ms.
Invoked RoslynAnalysisRunner static constructor.
RoslynAnalysisRunner will not be running.
RoslynAnalysisRunner has terminated.
Mono: successfully reloaded assembly
- Completed reload, in  1,009 seconds
Platform modules already initialized, skipping
Refreshing native plugins compatible for Editor in 0,49 ms, found 1 plugins.
Preloading 0 native plugins for Editor in 0,00 ms.
Unloading 1796 Unused Serialized files (Serialized files now loaded: 0)
System memory in use before: 80,2 MB.
System memory in use after: 80,3 MB.

Unloading 8 unused Assets to reduce memory usage. Loaded Objects now: 2302.
Total: 3,201230 ms (FindLiveObjects: 0,287995 ms CreateObjectMapping: 0,109286 ms MarkObjects: 2,755305 ms  DeleteObjects: 0,046795 ms)

========================================================================
Received Prepare
Registering precompiled user dll's ...
Registered in 0,001562 seconds.
Begin MonoManager ReloadAssembly
Native extension for LinuxStandalone target not found
Refreshing native plugins compatible for Editor in 0,65 ms, found 1 plugins.
Preloading 0 native plugins for Editor in 0,00 ms.
Invoked RoslynAnalysisRunner static constructor.
RoslynAnalysisRunner will not be running.
RoslynAnalysisRunner has terminated.
Mono: successfully reloaded assembly
- Completed reload, in  1,298 seconds
Platform modules already initialized, skipping
Refreshing native plugins compatible for Editor in 0,95 ms, found 1 plugins.
Preloading 0 native plugins for Editor in 0,00 ms.
Unloading 1796 Unused Serialized files (Serialized files now loaded: 0)
System memory in use before: 80,2 MB.
System memory in use after: 80,3 MB.

Unloading 8 unused Assets to reduce memory usage. Loaded Objects now: 2304.
Total: 4,947586 ms (FindLiveObjects: 0,403255 ms CreateObjectMapping: 0,166023 ms MarkObjects: 4,310553 ms  DeleteObjects: 0,065321 ms)

========================================================================
Received Prepare
Registering precompiled user dll's ...
Registered in 0,001379 seconds.
Begin MonoManager ReloadAssembly
Native extension for LinuxStandalone target not found
Refreshing native plugins compatible for Editor in 0,58 ms, found 1 plugins.
Preloading 0 native plugins for Editor in 0,00 ms.
Invoked RoslynAnalysisRunner static constructor.
RoslynAnalysisRunner will not be running.
RoslynAnalysisRunner has terminated.
Mono: successfully reloaded assembly
- Completed reload, in  1,146 seconds
Platform modules already initialized, skipping
Refreshing native plugins compatible for Editor in 0,52 ms, found 1 plugins.
Preloading 0 native plugins for Editor in 0,00 ms.
Unloading 1796 Unused Serialized files (Serialized files now loaded: 0)
System memory in use before: 80,2 MB.
System memory in use after: 80,3 MB.

Unloading 8 unused Assets to reduce memory usage. Loaded Objects now: 2306.
Total: 3,024525 ms (FindLiveObjects: 0,239812 ms CreateObjectMapping: 0,077639 ms MarkObjects: 2,659370 ms  DeleteObjects: 0,046013 ms)

========================================================================
Received Prepare
Registering precompiled user dll's ...
Registered in 0,001373 seconds.
Begin MonoManager ReloadAssembly
Native extension for LinuxStandalone target not found
Refreshing native plugins compatible for Editor in 0,64 ms, found 1 plugins.
Preloading 0 native plugins for Editor in 0,00 ms.
Invoked RoslynAnalysisRunner static constructor.
RoslynAnalysisRunner will not be running.
RoslynAnalysisRunner has terminated.
Mono: successfully reloaded assembly
- Completed reload, in  1,211 seconds
Platform modules already initialized, skipping
Refreshing native plugins compatible for Editor in 0,54 ms, found 1 plugins.
Preloading 0 native plugins for Editor in 0,00 ms.
Unloading 1796 Unused Serialized files (Serialized files now loaded: 0)
System memory in use before: 80,2 MB.
System memory in use after: 80,3 MB.

Unloading 8 unused Assets to reduce memory usage. Loaded Objects now: 2308.
Total: 6,546291 ms (FindLiveObjects: 0,518397 ms CreateObjectMapping: 1,013065 ms MarkObjects: 4,921220 ms  DeleteObjects: 0,090275 ms)

========================================================================
Received Prepare
Registering precompiled user dll's ...
Registered in 0,001261 seconds.
Begin MonoManager ReloadAssembly
Native extension for LinuxStandalone target not found
Refreshing native plugins compatible for Editor in 0,50 ms, found 1 plugins.
Preloading 0 native plugins for Editor in 0,00 ms.
Invoked RoslynAnalysisRunner static constructor.
RoslynAnalysisRunner will not be running.
RoslynAnalysisRunner has terminated.
Mono: successfully reloaded assembly
- Completed reload, in  1,138 seconds
Platform modules already initialized, skipping
Refreshing native plugins compatible for Editor in 0,53 ms, found 1 plugins.
Preloading 0 native plugins for Editor in 0,00 ms.
Unloading 1796 Unused Serialized files (Serialized files now loaded: 0)
System memory in use before: 80,2 MB.
System memory in use after: 80,3 MB.

Unloading 8 unused Assets to reduce memory usage. Loaded Objects now: 2310.
Total: 3,213364 ms (FindLiveObjects: 0,252064 ms CreateObjectMapping: 0,069911 ms MarkObjects: 2,840225 ms  DeleteObjects: 0,049081 ms)

========================================================================
Received Prepare
Registering precompiled user dll's ...
Registered in 0,001448 seconds.
Begin MonoManager ReloadAssembly
Native extension for LinuxStandalone target not found
Refreshing native plugins compatible for Editor in 0,53 ms, found 1 plugins.
Preloading 0 native plugins for Editor in 0,00 ms.
Invoked RoslynAnalysisRunner static constructor.
RoslynAnalysisRunner will not be running.
RoslynAnalysisRunner has terminated.
Mono: successfully reloaded assembly
- Completed reload, in  0,969 seconds
Platform modules already initialized, skipping
Refreshing native plugins compatible for Editor in 0,52 ms, found 1 plugins.
Preloading 0 native plugins for Editor in 0,00 ms.
Unloading 1796 Unused Serialized files (Serialized files now loaded: 0)
System memory in use before: 80,3 MB.
System memory in use after: 80,3 MB.

Unloading 8 unused Assets to reduce memory usage. Loaded Objects now: 2312.
Total: 3,281052 ms (FindLiveObjects: 0,353373 ms CreateObjectMapping: 0,102124 ms MarkObjects: 2,771430 ms  DeleteObjects: 0,051947 ms)

========================================================================
Received Prepare
Registering precompiled user dll's ...
Registered in 0,001250 seconds.
Begin MonoManager ReloadAssembly
Native extension for LinuxStandalone target not found
Refreshing native plugins compatible for Editor in 0,51 ms, found 1 plugins.
Preloading 0 native plugins for Editor in 0,00 ms.
Invoked RoslynAnalysisRunner static constructor.
RoslynAnalysisRunner will not be running.
RoslynAnalysisRunner has terminated.
Mono: successfully reloaded assembly
- Completed reload, in  1,183 seconds
Platform modules already initialized, skipping
Refreshing native plugins compatible for Editor in 0,54 ms, found 1 plugins.
Preloading 0 native plugins for Editor in 0,00 ms.
Unloading 1796 Unused Serialized files (Serialized files now loaded: 0)
System memory in use before: 80,3 MB.
System memory in use after: 80,3 MB.

Unloading 8 unused Assets to reduce memory usage. Loaded Objects now: 2314.
Total: 3,474527 ms (FindLiveObjects: 0,345965 ms CreateObjectMapping: 0,127252 ms MarkObjects: 2,950229 ms  DeleteObjects: 0,049182 ms)

========================================================================
Received Import Request.
  Time since last request: 2172,170206 seconds.
  path: Assets/Script/MenuManagerMenuScene.cs
  artifactKey: Guid(a0c46d75a324824b9b56dfdbbdb2debe) Importer(815301076,1909f56bfc062723c751e8b465ee728b)
Start importing Assets/Script/MenuManagerMenuScene.cs using Guid(a0c46d75a324824b9b56dfdbbdb2debe) Importer(815301076,1909f56bfc062723c751e8b465ee728b)  -> (artifact id: '49343eefa97120f4fda29c29561f4272') in 0,005012 seconds
  Import took 0,010690 seconds .

========================================================================
Received Prepare
Registering precompiled user dll's ...
Registered in 0,001600 seconds.
Begin MonoManager ReloadAssembly
Native extension for LinuxStandalone target not found
Refreshing native plugins compatible for Editor in 0,53 ms, found 1 plugins.
Preloading 0 native plugins for Editor in 0,00 ms.
Invoked RoslynAnalysisRunner static constructor.
RoslynAnalysisRunner will not be running.
RoslynAnalysisRunner has terminated.
Mono: successfully reloaded assembly
- Completed reload, in  1,162 seconds
Platform modules already initialized, skipping
Refreshing native plugins compatible for Editor in 0,51 ms, found 1 plugins.
Preloading 0 native plugins for Editor in 0,00 ms.
Unloading 1796 Unused Serialized files (Serialized files now loaded: 0)
System memory in use before: 80,3 MB.
System memory in use after: 80,3 MB.

Unloading 8 unused Assets to reduce memory usage. Loaded Objects now: 2316.
Total: 3,297893 ms (FindLiveObjects: 0,240552 ms CreateObjectMapping: 0,072416 ms MarkObjects: 2,910286 ms  DeleteObjects: 0,057935 ms)

========================================================================
Received Prepare
Registering precompiled user dll's ...
Registered in 0,001038 seconds.
Begin MonoManager ReloadAssembly
Native extension for LinuxStandalone target not found
Refreshing native plugins compatible for Editor in 0,81 ms, found 1 plugins.
Preloading 0 native plugins for Editor in 0,00 ms.
Invoked RoslynAnalysisRunner static constructor.
RoslynAnalysisRunner will not be running.
RoslynAnalysisRunner has terminated.
Mono: successfully reloaded assembly
- Completed reload, in  1,011 seconds
Platform modules already initialized, skipping
Refreshing native plugins compatible for Editor in 0,54 ms, found 1 plugins.
Preloading 0 native plugins for Editor in 0,00 ms.
Unloading 1796 Unused Serialized files (Serialized files now loaded: 0)
System memory in use before: 80,3 MB.
System memory in use after: 80,4 MB.

Unloading 8 unused Assets to reduce memory usage. Loaded Objects now: 2318.
Total: 3,668031 ms (FindLiveObjects: 0,434999 ms CreateObjectMapping: 0,144036 ms MarkObjects: 3,017099 ms  DeleteObjects: 0,069581 ms)

========================================================================
Received Prepare
Registering precompiled user dll's ...
Registered in 0,001486 seconds.
Begin MonoManager ReloadAssembly
Native extension for LinuxStandalone target not found
Refreshing native plugins compatible for Editor in 0,52 ms, found 1 plugins.
Preloading 0 native plugins for Editor in 0,00 ms.
Invoked RoslynAnalysisRunner static constructor.
RoslynAnalysisRunner will not be running.
RoslynAnalysisRunner has terminated.
Mono: successfully reloaded assembly
- Completed reload, in  0,980 seconds
Platform modules already initialized, skipping
Refreshing native plugins compatible for Editor in 0,51 ms, found 1 plugins.
Preloading 0 native plugins for Editor in 0,00 ms.
Unloading 1796 Unused Serialized files (Serialized files now loaded: 0)
System memory in use before: 80,3 MB.
System memory in use after: 80,4 MB.

Unloading 8 unused Assets to reduce memory usage. Loaded Objects now: 2320.
Total: 3,249252 ms (FindLiveObjects: 0,305963 ms CreateObjectMapping: 0,099549 ms MarkObjects: 2,793687 ms  DeleteObjects: 0,048345 ms)

========================================================================
Received Prepare
Registering precompiled user dll's ...
Registered in 0,001100 seconds.
Begin MonoManager ReloadAssembly
Native extension for LinuxStandalone target not found
Refreshing native plugins compatible for Editor in 0,53 ms, found 1 plugins.
Preloading 0 native plugins for Editor in 0,00 ms.
Invoked RoslynAnalysisRunner static constructor.
RoslynAnalysisRunner will not be running.
RoslynAnalysisRunner has terminated.
Mono: successfully reloaded assembly
- Completed reload, in  1,021 seconds
Platform modules already initialized, skipping
Refreshing native plugins compatible for Editor in 0,52 ms, found 1 plugins.
Preloading 0 native plugins for Editor in 0,00 ms.
Unloading 1796 Unused Serialized files (Serialized files now loaded: 0)
System memory in use before: 80,3 MB.
System memory in use after: 80,4 MB.

Unloading 8 unused Assets to reduce memory usage. Loaded Objects now: 2322.
Total: 6,505274 ms (FindLiveObjects: 0,298346 ms CreateObjectMapping: 0,102479 ms MarkObjects: 6,051034 ms  DeleteObjects: 0,051568 ms)

========================================================================
Received Prepare
Registering precompiled user dll's ...
Registered in 0,001847 seconds.
Begin MonoManager ReloadAssembly
Native extension for LinuxStandalone target not found
Refreshing native plugins compatible for Editor in 0,70 ms, found 1 plugins.
Preloading 0 native plugins for Editor in 0,00 ms.
Invoked RoslynAnalysisRunner static constructor.
RoslynAnalysisRunner will not be running.
RoslynAnalysisRunner has terminated.
Mono: successfully reloaded assembly
- Completed reload, in  1,281 seconds
Platform modules already initialized, skipping
Refreshing native plugins compatible for Editor in 0,68 ms, found 1 plugins.
Preloading 0 native plugins for Editor in 0,00 ms.
Unloading 1796 Unused Serialized files (Serialized files now loaded: 0)
System memory in use before: 80,3 MB.
System memory in use after: 80,4 MB.

Unloading 8 unused Assets to reduce memory usage. Loaded Objects now: 2324.
Total: 3,559351 ms (FindLiveObjects: 0,274857 ms CreateObjectMapping: 0,106533 ms MarkObjects: 3,116424 ms  DeleteObjects: 0,060016 ms)

========================================================================
Received Prepare
Registering precompiled user dll's ...
Registered in 0,001589 seconds.
Begin MonoManager ReloadAssembly
Native extension for LinuxStandalone target not found
Refreshing native plugins compatible for Editor in 0,51 ms, found 1 plugins.
Preloading 0 native plugins for Editor in 0,00 ms.
Invoked RoslynAnalysisRunner static constructor.
RoslynAnalysisRunner will not be running.
RoslynAnalysisRunner has terminated.
Mono: successfully reloaded assembly
- Completed reload, in  1,256 seconds
Platform modules already initialized, skipping
Refreshing native plugins compatible for Editor in 0,58 ms, found 1 plugins.
Preloading 0 native plugins for Editor in 0,00 ms.
Unloading 1796 Unused Serialized files (Serialized files now loaded: 0)
System memory in use before: 80,3 MB.
System memory in use after: 80,4 MB.

Unloading 8 unused Assets to reduce memory usage. Loaded Objects now: 2326.
Total: 4,723132 ms (FindLiveObjects: 0,420682 ms CreateObjectMapping: 0,385988 ms MarkObjects: 3,847406 ms  DeleteObjects: 0,066377 ms)

========================================================================
Received Prepare
Registering precompiled user dll's ...
Registered in 0,001180 seconds.
Begin MonoManager ReloadAssembly
Native extension for LinuxStandalone target not found
Refreshing native plugins compatible for Editor in 0,51 ms, found 1 plugins.
Preloading 0 native plugins for Editor in 0,00 ms.
Invoked RoslynAnalysisRunner static constructor.
RoslynAnalysisRunner will not be running.
RoslynAnalysisRunner has terminated.
Mono: successfully reloaded assembly
- Completed reload, in  1,159 seconds
Platform modules already initialized, skipping
Refreshing native plugins compatible for Editor in 0,89 ms, found 1 plugins.
Preloading 0 native plugins for Editor in 0,00 ms.
Unloading 1796 Unused Serialized files (Serialized files now loaded: 0)
System memory in use before: 80,3 MB.
System memory in use after: 80,4 MB.

Unloading 8 unused Assets to reduce memory usage. Loaded Objects now: 2328.
Total: 3,946452 ms (FindLiveObjects: 0,318357 ms CreateObjectMapping: 0,138982 ms MarkObjects: 3,398532 ms  DeleteObjects: 0,087947 ms)

AssetImportWorkerClient::OnTransportError - code=2 error=End of file
